<?xml version="1.0" encoding="UTF-8"?>
<testsuite xmlns:xsi="http://www.w3.org/2001/XMLSchema-instance" xsi:noNamespaceSchemaLocation="https://maven.apache.org/surefire/maven-surefire-plugin/xsd/surefire-test-report.xsd" name="TestSuite" time="11.082" tests="66" errors="0" skipped="57" failures="8">
  <properties>
[...]
</properties>
  <testcase name="pages" classname="portal.admin.dashboard.SummaryTabTest" time="1.769">
    <failure type="java.lang.NullPointerException">java.lang.NullPointerException
	at portal.admin.dashboard.SummaryTabTest.pages(SummaryTabTest.java:21)
</failure>
  </testcase>
  <testcase name="openAdminDashboardSummeryTab" classname="portal.admin.dashboard.SummaryTabTest" time="0">
    <skipped/>
  </testcase>
  <testcase name="logOutIfNeed" classname="portal.admin.dashboard.SummaryTabTest" time="0">
    <skipped/>
  </testcase>
  <testcase name="closeDriver" classname="portal.admin.dashboard.SummaryTabTest" time="0">
    <skipped/>
  </testcase>
  <testcase name="loginPublisher" classname="portal.partners.surveys.newFullPageSurveyTest" time="2.084">
    <failure type="java.lang.NullPointerException">java.lang.NullPointerException
	at portal.partners.surveys.newFullPageSurveyTest.loginPublisher(newFullPageSurveyTest.java:35)
</failure>
    <system-out><![CDATA[borys1620396685711@mailinator.com / Qwerty123!
]]></system-out>
  </testcase>
  <testcase name="loginPublisher" classname="portal.partners.surveys.newFullPageSurveyTest" time="0">
    <skipped/>
  </testcase>
  <testcase name="loginPublisher" classname="portal.partners.surveys.newFullPageSurveyTest" time="0">
    <skipped/>
  </testcase>
  <testcase name="loginPublisher" classname="portal.partners.surveys.newFullPageSurveyTest" time="0">
    <skipped/>
  </testcase>
  <testcase name="loginPublisher" classname="portal.partners.surveys.newFullPageSurveyTest" time="0">
    <skipped/>
  </testcase>
  <testcase name="checkDisplayLanguageModal" classname="portal.partners.surveys.newFullPageSurveyTest" time="0">
    <skipped/>
  </testcase>
  <testcase name="logOutIfNeed" classname="portal.partners.surveys.newFullPageSurveyTest" time="0">
    <skipped/>
  </testcase>
  <testcase name="logOutIfNeed" classname="portal.partners.surveys.newFullPageSurveyTest" time="0">
    <skipped/>
  </testcase>
  <testcase name="logOutIfNeed" classname="portal.partners.surveys.newFullPageSurveyTest" time="0">
    <skipped/>
  </testcase>
  <testcase name="logOutIfNeed" classname="portal.partners.surveys.newFullPageSurveyTest" time="0">
    <skipped/>
  </testcase>
  <testcase name="logOutIfNeed" classname="portal.partners.surveys.newFullPageSurveyTest" time="0">
    <skipped/>
  </testcase>
  <testcase name="checkErrorByCorrectFillingNumberOfParticipants" classname="portal.partners.surveys.newFullPageSurveyTest" time="0">
    <skipped/>
  </testcase>
  <testcase name="checkErrorByRequiredCategory" classname="portal.partners.surveys.newFullPageSurveyTest" time="0">
    <skipped/>
  </testcase>
  <testcase name="createDefaultContentSurvey" classname="portal.partners.surveys.newFullPageSurveyTest" time="0">
    <skipped/>
  </testcase>
  <testcase name="createEmptySurvey" classname="portal.partners.surveys.newFullPageSurveyTest" time="0">
    <skipped/>
  </testcase>
  <testcase name="closeDriver" classname="portal.partners.surveys.newFullPageSurveyTest" time="0">
    <skipped/>
  </testcase>
  <testcase name="openFeedPage" classname="portal.partners.polls.NewPollsTest" time="2.164">
    <failure type="java.lang.NullPointerException">java.lang.NullPointerException
	at portal.partners.polls.NewPollsTest.openFeedPage(NewPollsTest.java:36)
</failure>
  </testcase>
  <testcase name="addNewPoll" classname="portal.partners.polls.NewPollsTest" time="0">
    <skipped/>
  </testcase>
  <testcase name="logOutIfNeed" classname="portal.partners.polls.NewPollsTest" time="0">
    <skipped/>
  </testcase>
  <testcase name="closeDriver" classname="portal.partners.polls.NewPollsTest" time="0">
    <skipped/>
  </testcase>
  <testcase name="pagesDriver" classname="portal.SignInTest" time="2.213">
    <failure type="java.lang.NullPointerException">java.lang.NullPointerException
	at portal.SignInTest.pagesDriver(SignInTest.java:41)
</failure>
    <system-out><![CDATA[borys1631630898403@mailinator.com / 1631630898415@mailinator.com / Qwerty123!
]]></system-out>
  </testcase>
  <testcase name="pagesDriver" classname="portal.SignInTest" time="0">
    <skipped/>
  </testcase>
  <testcase name="pagesDriver" classname="portal.SignInTest" time="0">
    <skipped/>
  </testcase>
  <testcase name="pagesDriver" classname="portal.SignInTest" time="0">
    <skipped/>
  </testcase>
  <testcase name="pagesDriver" classname="portal.SignInTest" time="0">
    <skipped/>
  </testcase>
  <testcase name="pagesDriver" classname="portal.SignInTest" time="0">
    <skipped/>
  </testcase>
  <testcase name="pagesDriver" classname="portal.SignInTest" time="0">
    <skipped/>
  </testcase>
  <testcase name="pagesDriver" classname="portal.SignInTest" time="0">
    <skipped/>
  </testcase>
  <testcase name="emptySignInErrorVerification" classname="portal.SignInTest" time="0">
    <skipped/>
  </testcase>
  <testcase name="logOutIfNeed" classname="portal.SignInTest" time="0">
    <skipped/>
  </testcase>
  <testcase name="logOutIfNeed" classname="portal.SignInTest" time="0">
    <skipped/>
  </testcase>
  <testcase name="logOutIfNeed" classname="portal.SignInTest" time="0">
    <skipped/>
  </testcase>
  <testcase name="logOutIfNeed" classname="portal.SignInTest" time="0">
    <skipped/>
  </testcase>
  <testcase name="logOutIfNeed" classname="portal.SignInTest" time="0">
    <skipped/>
  </testcase>
  <testcase name="logOutIfNeed" classname="portal.SignInTest" time="0">
    <skipped/>
  </testcase>
  <testcase name="logOutIfNeed" classname="portal.SignInTest" time="0">
    <skipped/>
  </testcase>
  <testcase name="logOutIfNeed" classname="portal.SignInTest" time="0">
    <skipped/>
  </testcase>
  <testcase name="publisherSignInFromWelcomePage" classname="portal.SignInTest" time="0">
    <skipped/>
  </testcase>
  <testcase name="recoveryPasswordMailSentSuccess" classname="portal.SignInTest" time="0">
    <skipped/>
  </testcase>
  <testcase name="recoveryPasswordSuccess" classname="portal.SignInTest" time="0">
    <skipped/>
  </testcase>
  <testcase name="signInErrorTextVerification" classname="portal.SignInTest" time="0">
    <skipped/>
  </testcase>
  <testcase name="signInMemberWithError" classname="portal.SignInTest" time="0">
    <skipped/>
  </testcase>
  <testcase name="signInNotRegisteredMemberWithError" classname="portal.SignInTest" time="0">
    <skipped/>
  </testcase>
  <testcase name="signInPublisher" classname="portal.SignInTest" time="0">
    <skipped/>
  </testcase>
  <testcase name="closeDriver" classname="portal.SignInTest" time="0">
    <skipped/>
  </testcase>
  <testcase name="pagesDriver" classname="portal.partners.polls.pollerWidgets.NewWidgetTest" time="2.327">
    <failure type="java.lang.NullPointerException">java.lang.NullPointerException
	at portal.partners.polls.pollerWidgets.NewWidgetTest.pagesDriver(NewWidgetTest.java:35)
</failure>
    <system-out><![CDATA[borys1620396685711@mailinator.com / Qwerty123!
]]></system-out>
  </testcase>
  <testcase name="addNewWidget" classname="portal.partners.polls.pollerWidgets.NewWidgetTest" time="0">
    <skipped/>
  </testcase>
  <testcase name="logOutIfNeed" classname="portal.partners.polls.pollerWidgets.NewWidgetTest" time="0">
    <skipped/>
  </testcase>
  <testcase name="closeDriver" classname="portal.partners.polls.pollerWidgets.NewWidgetTest" time="0">
    <skipped/>
  </testcase>
  <testcase name="openFeedPage" classname="portal.SignUpTest" time="2.366">
    <failure type="java.lang.NullPointerException">java.lang.NullPointerException
	at portal.SignUpTest.openFeedPage(SignUpTest.java:36)
</failure>
  </testcase>
  <testcase name="signUpMember" classname="portal.SignUpTest" time="0">
    <skipped/>
  </testcase>
  <testcase name="logOutIfNeed" classname="portal.SignUpTest" time="0">
    <skipped/>
  </testcase>
  <testcase name="closeDriver" classname="portal.SignUpTest" time="0">
    <skipped/>
  </testcase>
  <testcase name="valueScorePartner" classname="apiTests.portal.PurtnerDashBoardTest" time="8.019"/>
  <testcase name="pagesDriver" classname="ico.SignUpMemberFromWidgetTest" time="8.03">
    <failure type="java.lang.NullPointerException">java.lang.NullPointerException
	at ico.SignUpMemberFromWidgetTest.pagesDriver(SignUpMemberFromWidgetTest.java:41)
</failure>
    <system-out><![CDATA[borys1620397016978@mailinator.com / Qwerty123!
]]></system-out>
  </testcase>
  <testcase name="signUpMemberAfterVote" classname="ico.SignUpMemberFromWidgetTest" time="0">
    <skipped/>
  </testcase>
  <testcase name="logOutIfNeed" classname="ico.SignUpMemberFromWidgetTest" time="0">
    <skipped/>
  </testcase>
  <testcase name="closeDriver" classname="ico.SignUpMemberFromWidgetTest" time="0">
    <skipped/>
  </testcase>
  <testcase name="loginPublisher" classname="widgets.pollsWidget.PollsWidgetVotingTest" time="8.085">
    <failure type="java.lang.NullPointerException">java.lang.NullPointerException
	at widgets.pollsWidget.PollsWidgetVotingTest.loginPublisher(PollsWidgetVotingTest.java:35)
</failure>
    <system-out><![CDATA[borys1620396685711@mailinator.com / Qwerty123!
]]></system-out>
  </testcase>
  <testcase name="votingPollerWidgetByAnonimToSynthetic" classname="widgets.pollsWidget.PollsWidgetVotingTest" time="0">
    <skipped/>
  </testcase>
  <testcase name="logOutIfNeed" classname="widgets.pollsWidget.PollsWidgetVotingTest" time="0">
    <skipped/>
  </testcase>
  <testcase name="closeDriver" classname="widgets.pollsWidget.PollsWidgetVotingTest" time="0">
    <skipped/>
  </testcase>
</testsuite>